C:\USERS\ADMINISTRATOR\DESKTOP\LIBWEBSOCKETS-3.1.0\BIN\DEBUG\WEBSOCKETS.DLL
C:\USERS\ADMINISTRATOR\DESKTOP\LIBWEBSOCKETS-3.1.0\BIN\DEBUG\WEBSOCKETS.ILK
C:\USERS\ADMINISTRATOR\DESKTOP\LIBWEBSOCKETS-3.1.0\BIN\DEBUG\WEBSOCKETS.PDB
C:\USERS\ADMINISTRATOR\DESKTOP\LIBWEBSOCKETS-3.1.0\CMAKEFILES\GENERATE.STAMP
C:\Users\Administrator\Desktop\libwebsockets-3.1.0\lib\Debug\websockets.exp
C:\Users\Administrator\Desktop\libwebsockets-3.1.0\lib\Debug\websockets.lib
C:\USERS\ADMINISTRATOR\DESKTOP\LIBWEBSOCKETS-3.1.0\WEBSOCKETS_SHARED.DIR\DEBUG\ADOPT.OBJ
C:\USERS\ADMINISTRATOR\DESKTOP\LIBWEBSOCKETS-3.1.0\WEBSOCKETS_SHARED.DIR\DEBUG\ALLOC.OBJ
C:\USERS\ADMINISTRATOR\DESKTOP\LIBWEBSOCKETS-3.1.0\WEBSOCKETS_SHARED.DIR\DEBUG\BASE64-DECODE.OBJ
C:\USERS\ADMINISTRATOR\DESKTOP\LIBWEBSOCKETS-3.1.0\WEBSOCKETS_SHARED.DIR\DEBUG\CACHED-FILE.OBJ
C:\Users\Administrator\Desktop\libwebsockets-3.1.0\websockets_shared.dir\Debug\cl.command.1.tlog
C:\Users\Administrator\Desktop\libwebsockets-3.1.0\websockets_shared.dir\Debug\CL.read.1.tlog
C:\Users\Administrator\Desktop\libwebsockets-3.1.0\websockets_shared.dir\Debug\CL.write.1.tlog
C:\USERS\ADMINISTRATOR\DESKTOP\LIBWEBSOCKETS-3.1.0\WEBSOCKETS_SHARED.DIR\DEBUG\CLIENT.OBJ
C:\USERS\ADMINISTRATOR\DESKTOP\LIBWEBSOCKETS-3.1.0\WEBSOCKETS_SHARED.DIR\DEBUG\CLIENT-HANDSHAKE.OBJ
C:\USERS\ADMINISTRATOR\DESKTOP\LIBWEBSOCKETS-3.1.0\WEBSOCKETS_SHARED.DIR\DEBUG\CLIENT-PARSER-WS.OBJ
C:\USERS\ADMINISTRATOR\DESKTOP\LIBWEBSOCKETS-3.1.0\WEBSOCKETS_SHARED.DIR\DEBUG\CLIENT-WS.OBJ
C:\USERS\ADMINISTRATOR\DESKTOP\LIBWEBSOCKETS-3.1.0\WEBSOCKETS_SHARED.DIR\DEBUG\CONNECT.OBJ
C:\USERS\ADMINISTRATOR\DESKTOP\LIBWEBSOCKETS-3.1.0\WEBSOCKETS_SHARED.DIR\DEBUG\CONTEXT.OBJ
C:\Users\Administrator\Desktop\libwebsockets-3.1.0\websockets_shared.dir\Debug\custombuild.command.1.tlog
C:\Users\Administrator\Desktop\libwebsockets-3.1.0\websockets_shared.dir\Debug\custombuild.read.1.tlog
C:\Users\Administrator\Desktop\libwebsockets-3.1.0\websockets_shared.dir\Debug\custombuild.write.1.tlog
C:\USERS\ADMINISTRATOR\DESKTOP\LIBWEBSOCKETS-3.1.0\WEBSOCKETS_SHARED.DIR\DEBUG\DUMMY-CALLBACK.OBJ
C:\USERS\ADMINISTRATOR\DESKTOP\LIBWEBSOCKETS-3.1.0\WEBSOCKETS_SHARED.DIR\DEBUG\GETTIMEOFDAY.OBJ
C:\USERS\ADMINISTRATOR\DESKTOP\LIBWEBSOCKETS-3.1.0\WEBSOCKETS_SHARED.DIR\DEBUG\HEADER.OBJ
C:\USERS\ADMINISTRATOR\DESKTOP\LIBWEBSOCKETS-3.1.0\WEBSOCKETS_SHARED.DIR\DEBUG\HPACK.OBJ
C:\USERS\ADMINISTRATOR\DESKTOP\LIBWEBSOCKETS-3.1.0\WEBSOCKETS_SHARED.DIR\DEBUG\HTTP2.OBJ
C:\USERS\ADMINISTRATOR\DESKTOP\LIBWEBSOCKETS-3.1.0\WEBSOCKETS_SHARED.DIR\DEBUG\LEJP.OBJ
C:\USERS\ADMINISTRATOR\DESKTOP\LIBWEBSOCKETS-3.1.0\WEBSOCKETS_SHARED.DIR\DEBUG\LEJP-CONF.OBJ
C:\USERS\ADMINISTRATOR\DESKTOP\LIBWEBSOCKETS-3.1.0\WEBSOCKETS_SHARED.DIR\DEBUG\LIBWEBSOCKETS.OBJ
C:\Users\Administrator\Desktop\libwebsockets-3.1.0\websockets_shared.dir\Debug\link.command.1.tlog
C:\Users\Administrator\Desktop\libwebsockets-3.1.0\websockets_shared.dir\Debug\link.read.1.tlog
C:\Users\Administrator\Desktop\libwebsockets-3.1.0\websockets_shared.dir\Debug\link.write.1.tlog
C:\Users\Administrator\Desktop\libwebsockets-3.1.0\websockets_shared.dir\Debug\link-cvtres.read.1.tlog
C:\Users\Administrator\Desktop\libwebsockets-3.1.0\websockets_shared.dir\Debug\link-cvtres.write.1.tlog
C:\USERS\ADMINISTRATOR\DESKTOP\LIBWEBSOCKETS-3.1.0\WEBSOCKETS_SHARED.DIR\DEBUG\LWSAC.OBJ
C:\USERS\ADMINISTRATOR\DESKTOP\LIBWEBSOCKETS-3.1.0\WEBSOCKETS_SHARED.DIR\DEBUG\LWS-RING.OBJ
C:\USERS\ADMINISTRATOR\DESKTOP\LIBWEBSOCKETS-3.1.0\WEBSOCKETS_SHARED.DIR\DEBUG\LWS-SPA.OBJ
C:\Users\Administrator\Desktop\libwebsockets-3.1.0\websockets_shared.dir\Debug\mt.command.1.tlog
C:\Users\Administrator\Desktop\libwebsockets-3.1.0\websockets_shared.dir\Debug\mt.read.1.tlog
C:\Users\Administrator\Desktop\libwebsockets-3.1.0\websockets_shared.dir\Debug\mt.write.1.tlog
C:\USERS\ADMINISTRATOR\DESKTOP\LIBWEBSOCKETS-3.1.0\WEBSOCKETS_SHARED.DIR\DEBUG\OPENSSL-CLIENT.OBJ
C:\USERS\ADMINISTRATOR\DESKTOP\LIBWEBSOCKETS-3.1.0\WEBSOCKETS_SHARED.DIR\DEBUG\OPENSSL-SERVER.OBJ
C:\USERS\ADMINISTRATOR\DESKTOP\LIBWEBSOCKETS-3.1.0\WEBSOCKETS_SHARED.DIR\DEBUG\OPS-H1.OBJ
C:\USERS\ADMINISTRATOR\DESKTOP\LIBWEBSOCKETS-3.1.0\WEBSOCKETS_SHARED.DIR\DEBUG\OPS-H2.OBJ
C:\USERS\ADMINISTRATOR\DESKTOP\LIBWEBSOCKETS-3.1.0\WEBSOCKETS_SHARED.DIR\DEBUG\OPS-LISTEN.OBJ
C:\USERS\ADMINISTRATOR\DESKTOP\LIBWEBSOCKETS-3.1.0\WEBSOCKETS_SHARED.DIR\DEBUG\OPS-PIPE.OBJ
C:\USERS\ADMINISTRATOR\DESKTOP\LIBWEBSOCKETS-3.1.0\WEBSOCKETS_SHARED.DIR\DEBUG\OPS-RAW-FILE.OBJ
C:\USERS\ADMINISTRATOR\DESKTOP\LIBWEBSOCKETS-3.1.0\WEBSOCKETS_SHARED.DIR\DEBUG\OPS-RAW-SKT.OBJ
C:\USERS\ADMINISTRATOR\DESKTOP\LIBWEBSOCKETS-3.1.0\WEBSOCKETS_SHARED.DIR\DEBUG\OPS-WS.OBJ
C:\USERS\ADMINISTRATOR\DESKTOP\LIBWEBSOCKETS-3.1.0\WEBSOCKETS_SHARED.DIR\DEBUG\OUTPUT.OBJ
C:\USERS\ADMINISTRATOR\DESKTOP\LIBWEBSOCKETS-3.1.0\WEBSOCKETS_SHARED.DIR\DEBUG\PARSERS.OBJ
C:\USERS\ADMINISTRATOR\DESKTOP\LIBWEBSOCKETS-3.1.0\WEBSOCKETS_SHARED.DIR\DEBUG\POLL.OBJ
C:\USERS\ADMINISTRATOR\DESKTOP\LIBWEBSOCKETS-3.1.0\WEBSOCKETS_SHARED.DIR\DEBUG\POLLFD.OBJ
C:\Users\Administrator\Desktop\libwebsockets-3.1.0\websockets_shared.dir\Debug\rc.command.1.tlog
C:\Users\Administrator\Desktop\libwebsockets-3.1.0\websockets_shared.dir\Debug\rc.read.1.tlog
C:\Users\Administrator\Desktop\libwebsockets-3.1.0\websockets_shared.dir\Debug\rc.write.1.tlog
C:\USERS\ADMINISTRATOR\DESKTOP\LIBWEBSOCKETS-3.1.0\WEBSOCKETS_SHARED.DIR\DEBUG\SERVER.OBJ
C:\USERS\ADMINISTRATOR\DESKTOP\LIBWEBSOCKETS-3.1.0\WEBSOCKETS_SHARED.DIR\DEBUG\SERVER-WS.OBJ
C:\USERS\ADMINISTRATOR\DESKTOP\LIBWEBSOCKETS-3.1.0\WEBSOCKETS_SHARED.DIR\DEBUG\SERVICE.OBJ
C:\USERS\ADMINISTRATOR\DESKTOP\LIBWEBSOCKETS-3.1.0\WEBSOCKETS_SHARED.DIR\DEBUG\SHA-1.OBJ
C:\USERS\ADMINISTRATOR\DESKTOP\LIBWEBSOCKETS-3.1.0\WEBSOCKETS_SHARED.DIR\DEBUG\SSL.OBJ
C:\USERS\ADMINISTRATOR\DESKTOP\LIBWEBSOCKETS-3.1.0\WEBSOCKETS_SHARED.DIR\DEBUG\TLS.OBJ
C:\USERS\ADMINISTRATOR\DESKTOP\LIBWEBSOCKETS-3.1.0\WEBSOCKETS_SHARED.DIR\DEBUG\TLS-CLIENT.OBJ
C:\USERS\ADMINISTRATOR\DESKTOP\LIBWEBSOCKETS-3.1.0\WEBSOCKETS_SHARED.DIR\DEBUG\TLS-SERVER.OBJ
C:\USERS\ADMINISTRATOR\DESKTOP\LIBWEBSOCKETS-3.1.0\WEBSOCKETS_SHARED.DIR\DEBUG\VC100.PDB
C:\USERS\ADMINISTRATOR\DESKTOP\LIBWEBSOCKETS-3.1.0\WEBSOCKETS_SHARED.DIR\DEBUG\VERSION.RES
C:\USERS\ADMINISTRATOR\DESKTOP\LIBWEBSOCKETS-3.1.0\WEBSOCKETS_SHARED.DIR\DEBUG\WEBSOCKETS.DLL.EMBED.MANIFEST
C:\USERS\ADMINISTRATOR\DESKTOP\LIBWEBSOCKETS-3.1.0\WEBSOCKETS_SHARED.DIR\DEBUG\WEBSOCKETS.DLL.EMBED.MANIFEST.RES
C:\USERS\ADMINISTRATOR\DESKTOP\LIBWEBSOCKETS-3.1.0\WEBSOCKETS_SHARED.DIR\DEBUG\WEBSOCKETS.DLL.INTERMEDIATE.MANIFEST
C:\Users\Administrator\Desktop\libwebsockets-3.1.0\websockets_shared.dir\Debug\websockets_manifest.rc
C:\Users\Administrator\Desktop\libwebsockets-3.1.0\websockets_shared.dir\Debug\websockets_shared.write.1.tlog
C:\USERS\ADMINISTRATOR\DESKTOP\LIBWEBSOCKETS-3.1.0\WEBSOCKETS_SHARED.DIR\DEBUG\WINDOWS-FDS.OBJ
C:\USERS\ADMINISTRATOR\DESKTOP\LIBWEBSOCKETS-3.1.0\WEBSOCKETS_SHARED.DIR\DEBUG\WINDOWS-FILE.OBJ
C:\USERS\ADMINISTRATOR\DESKTOP\LIBWEBSOCKETS-3.1.0\WEBSOCKETS_SHARED.DIR\DEBUG\WINDOWS-INIT.OBJ
C:\USERS\ADMINISTRATOR\DESKTOP\LIBWEBSOCKETS-3.1.0\WEBSOCKETS_SHARED.DIR\DEBUG\WINDOWS-MISC.OBJ
C:\USERS\ADMINISTRATOR\DESKTOP\LIBWEBSOCKETS-3.1.0\WEBSOCKETS_SHARED.DIR\DEBUG\WINDOWS-PIPE.OBJ
C:\USERS\ADMINISTRATOR\DESKTOP\LIBWEBSOCKETS-3.1.0\WEBSOCKETS_SHARED.DIR\DEBUG\WINDOWS-SERVICE.OBJ
C:\USERS\ADMINISTRATOR\DESKTOP\LIBWEBSOCKETS-3.1.0\WEBSOCKETS_SHARED.DIR\DEBUG\WINDOWS-SOCKETS.OBJ
