C:\USERS\ADMINISTRATOR\DESKTOP\LIBWEBSOCKETS-3.1.0\CMAKEFILES\GENERATE.STAMP
C:\USERS\ADMINISTRATOR\DOCUMENTS\VISUAL STUDIO 2010\PROJECTS\WEBSOCKET\LIBWEBSOCKETS-3.1.0\LIB\DEBUG\WEBSOCKETS_STATIC.LIB
C:\USERS\ADMINISTRATOR\DOCUMENTS\VISUAL STUDIO 2010\PROJECTS\WEBSOCKET\LIBWEBSOCKETS-3.1.0\WEBSOCKETS.DIR\DEBUG\ADOPT.OBJ
C:\USERS\ADMINISTRATOR\DOCUMENTS\VISUAL STUDIO 2010\PROJECTS\WEBSOCKET\LIBWEBSOCKETS-3.1.0\WEBSOCKETS.DIR\DEBUG\ALLOC.OBJ
C:\USERS\ADMINISTRATOR\DOCUMENTS\VISUAL STUDIO 2010\PROJECTS\WEBSOCKET\LIBWEBSOCKETS-3.1.0\WEBSOCKETS.DIR\DEBUG\BASE64-DECODE.OBJ
C:\USERS\ADMINISTRATOR\DOCUMENTS\VISUAL STUDIO 2010\PROJECTS\WEBSOCKET\LIBWEBSOCKETS-3.1.0\WEBSOCKETS.DIR\DEBUG\CACHED-FILE.OBJ
C:\Users\Administrator\Documents\Visual Studio 2010\Projects\websocket\libwebsockets-3.1.0\websockets.dir\Debug\cl.command.1.tlog
C:\Users\Administrator\Documents\Visual Studio 2010\Projects\websocket\libwebsockets-3.1.0\websockets.dir\Debug\CL.read.1.tlog
C:\Users\Administrator\Documents\Visual Studio 2010\Projects\websocket\libwebsockets-3.1.0\websockets.dir\Debug\CL.write.1.tlog
C:\USERS\ADMINISTRATOR\DOCUMENTS\VISUAL STUDIO 2010\PROJECTS\WEBSOCKET\LIBWEBSOCKETS-3.1.0\WEBSOCKETS.DIR\DEBUG\CLIENT.OBJ
C:\USERS\ADMINISTRATOR\DOCUMENTS\VISUAL STUDIO 2010\PROJECTS\WEBSOCKET\LIBWEBSOCKETS-3.1.0\WEBSOCKETS.DIR\DEBUG\CLIENT-HANDSHAKE.OBJ
C:\USERS\ADMINISTRATOR\DOCUMENTS\VISUAL STUDIO 2010\PROJECTS\WEBSOCKET\LIBWEBSOCKETS-3.1.0\WEBSOCKETS.DIR\DEBUG\CLIENT-PARSER-WS.OBJ
C:\USERS\ADMINISTRATOR\DOCUMENTS\VISUAL STUDIO 2010\PROJECTS\WEBSOCKET\LIBWEBSOCKETS-3.1.0\WEBSOCKETS.DIR\DEBUG\CLIENT-WS.OBJ
C:\USERS\ADMINISTRATOR\DOCUMENTS\VISUAL STUDIO 2010\PROJECTS\WEBSOCKET\LIBWEBSOCKETS-3.1.0\WEBSOCKETS.DIR\DEBUG\CONNECT.OBJ
C:\USERS\ADMINISTRATOR\DOCUMENTS\VISUAL STUDIO 2010\PROJECTS\WEBSOCKET\LIBWEBSOCKETS-3.1.0\WEBSOCKETS.DIR\DEBUG\CONTEXT.OBJ
C:\Users\Administrator\Documents\Visual Studio 2010\Projects\websocket\libwebsockets-3.1.0\websockets.dir\Debug\custombuild.command.1.tlog
C:\Users\Administrator\Documents\Visual Studio 2010\Projects\websocket\libwebsockets-3.1.0\websockets.dir\Debug\custombuild.read.1.tlog
C:\Users\Administrator\Documents\Visual Studio 2010\Projects\websocket\libwebsockets-3.1.0\websockets.dir\Debug\custombuild.write.1.tlog
C:\USERS\ADMINISTRATOR\DOCUMENTS\VISUAL STUDIO 2010\PROJECTS\WEBSOCKET\LIBWEBSOCKETS-3.1.0\WEBSOCKETS.DIR\DEBUG\DUMMY-CALLBACK.OBJ
C:\USERS\ADMINISTRATOR\DOCUMENTS\VISUAL STUDIO 2010\PROJECTS\WEBSOCKET\LIBWEBSOCKETS-3.1.0\WEBSOCKETS.DIR\DEBUG\GETTIMEOFDAY.OBJ
C:\USERS\ADMINISTRATOR\DOCUMENTS\VISUAL STUDIO 2010\PROJECTS\WEBSOCKET\LIBWEBSOCKETS-3.1.0\WEBSOCKETS.DIR\DEBUG\HEADER.OBJ
C:\USERS\ADMINISTRATOR\DOCUMENTS\VISUAL STUDIO 2010\PROJECTS\WEBSOCKET\LIBWEBSOCKETS-3.1.0\WEBSOCKETS.DIR\DEBUG\HPACK.OBJ
C:\USERS\ADMINISTRATOR\DOCUMENTS\VISUAL STUDIO 2010\PROJECTS\WEBSOCKET\LIBWEBSOCKETS-3.1.0\WEBSOCKETS.DIR\DEBUG\HTTP2.OBJ
C:\USERS\ADMINISTRATOR\DOCUMENTS\VISUAL STUDIO 2010\PROJECTS\WEBSOCKET\LIBWEBSOCKETS-3.1.0\WEBSOCKETS.DIR\DEBUG\LEJP.OBJ
C:\USERS\ADMINISTRATOR\DOCUMENTS\VISUAL STUDIO 2010\PROJECTS\WEBSOCKET\LIBWEBSOCKETS-3.1.0\WEBSOCKETS.DIR\DEBUG\LEJP-CONF.OBJ
C:\Users\Administrator\Documents\Visual Studio 2010\Projects\websocket\libwebsockets-3.1.0\websockets.dir\Debug\lib.command.1.tlog
C:\Users\Administrator\Documents\Visual Studio 2010\Projects\websocket\libwebsockets-3.1.0\websockets.dir\Debug\Lib-link.read.1.tlog
C:\Users\Administrator\Documents\Visual Studio 2010\Projects\websocket\libwebsockets-3.1.0\websockets.dir\Debug\Lib-link.write.1.tlog
C:\USERS\ADMINISTRATOR\DOCUMENTS\VISUAL STUDIO 2010\PROJECTS\WEBSOCKET\LIBWEBSOCKETS-3.1.0\WEBSOCKETS.DIR\DEBUG\LIBWEBSOCKETS.OBJ
C:\USERS\ADMINISTRATOR\DOCUMENTS\VISUAL STUDIO 2010\PROJECTS\WEBSOCKET\LIBWEBSOCKETS-3.1.0\WEBSOCKETS.DIR\DEBUG\LWSAC.OBJ
C:\USERS\ADMINISTRATOR\DOCUMENTS\VISUAL STUDIO 2010\PROJECTS\WEBSOCKET\LIBWEBSOCKETS-3.1.0\WEBSOCKETS.DIR\DEBUG\LWS-RING.OBJ
C:\USERS\ADMINISTRATOR\DOCUMENTS\VISUAL STUDIO 2010\PROJECTS\WEBSOCKET\LIBWEBSOCKETS-3.1.0\WEBSOCKETS.DIR\DEBUG\LWS-SPA.OBJ
C:\USERS\ADMINISTRATOR\DOCUMENTS\VISUAL STUDIO 2010\PROJECTS\WEBSOCKET\LIBWEBSOCKETS-3.1.0\WEBSOCKETS.DIR\DEBUG\OPENSSL-CLIENT.OBJ
C:\USERS\ADMINISTRATOR\DOCUMENTS\VISUAL STUDIO 2010\PROJECTS\WEBSOCKET\LIBWEBSOCKETS-3.1.0\WEBSOCKETS.DIR\DEBUG\OPENSSL-SERVER.OBJ
C:\USERS\ADMINISTRATOR\DOCUMENTS\VISUAL STUDIO 2010\PROJECTS\WEBSOCKET\LIBWEBSOCKETS-3.1.0\WEBSOCKETS.DIR\DEBUG\OPS-H1.OBJ
C:\USERS\ADMINISTRATOR\DOCUMENTS\VISUAL STUDIO 2010\PROJECTS\WEBSOCKET\LIBWEBSOCKETS-3.1.0\WEBSOCKETS.DIR\DEBUG\OPS-H2.OBJ
C:\USERS\ADMINISTRATOR\DOCUMENTS\VISUAL STUDIO 2010\PROJECTS\WEBSOCKET\LIBWEBSOCKETS-3.1.0\WEBSOCKETS.DIR\DEBUG\OPS-LISTEN.OBJ
C:\USERS\ADMINISTRATOR\DOCUMENTS\VISUAL STUDIO 2010\PROJECTS\WEBSOCKET\LIBWEBSOCKETS-3.1.0\WEBSOCKETS.DIR\DEBUG\OPS-PIPE.OBJ
C:\USERS\ADMINISTRATOR\DOCUMENTS\VISUAL STUDIO 2010\PROJECTS\WEBSOCKET\LIBWEBSOCKETS-3.1.0\WEBSOCKETS.DIR\DEBUG\OPS-RAW-FILE.OBJ
C:\USERS\ADMINISTRATOR\DOCUMENTS\VISUAL STUDIO 2010\PROJECTS\WEBSOCKET\LIBWEBSOCKETS-3.1.0\WEBSOCKETS.DIR\DEBUG\OPS-RAW-SKT.OBJ
C:\USERS\ADMINISTRATOR\DOCUMENTS\VISUAL STUDIO 2010\PROJECTS\WEBSOCKET\LIBWEBSOCKETS-3.1.0\WEBSOCKETS.DIR\DEBUG\OPS-WS.OBJ
C:\USERS\ADMINISTRATOR\DOCUMENTS\VISUAL STUDIO 2010\PROJECTS\WEBSOCKET\LIBWEBSOCKETS-3.1.0\WEBSOCKETS.DIR\DEBUG\OUTPUT.OBJ
C:\USERS\ADMINISTRATOR\DOCUMENTS\VISUAL STUDIO 2010\PROJECTS\WEBSOCKET\LIBWEBSOCKETS-3.1.0\WEBSOCKETS.DIR\DEBUG\PARSERS.OBJ
C:\USERS\ADMINISTRATOR\DOCUMENTS\VISUAL STUDIO 2010\PROJECTS\WEBSOCKET\LIBWEBSOCKETS-3.1.0\WEBSOCKETS.DIR\DEBUG\POLL.OBJ
C:\USERS\ADMINISTRATOR\DOCUMENTS\VISUAL STUDIO 2010\PROJECTS\WEBSOCKET\LIBWEBSOCKETS-3.1.0\WEBSOCKETS.DIR\DEBUG\POLLFD.OBJ
C:\USERS\ADMINISTRATOR\DOCUMENTS\VISUAL STUDIO 2010\PROJECTS\WEBSOCKET\LIBWEBSOCKETS-3.1.0\WEBSOCKETS.DIR\DEBUG\SERVER.OBJ
C:\USERS\ADMINISTRATOR\DOCUMENTS\VISUAL STUDIO 2010\PROJECTS\WEBSOCKET\LIBWEBSOCKETS-3.1.0\WEBSOCKETS.DIR\DEBUG\SERVER-WS.OBJ
C:\USERS\ADMINISTRATOR\DOCUMENTS\VISUAL STUDIO 2010\PROJECTS\WEBSOCKET\LIBWEBSOCKETS-3.1.0\WEBSOCKETS.DIR\DEBUG\SERVICE.OBJ
C:\USERS\ADMINISTRATOR\DOCUMENTS\VISUAL STUDIO 2010\PROJECTS\WEBSOCKET\LIBWEBSOCKETS-3.1.0\WEBSOCKETS.DIR\DEBUG\SHA-1.OBJ
C:\USERS\ADMINISTRATOR\DOCUMENTS\VISUAL STUDIO 2010\PROJECTS\WEBSOCKET\LIBWEBSOCKETS-3.1.0\WEBSOCKETS.DIR\DEBUG\SSL.OBJ
C:\USERS\ADMINISTRATOR\DOCUMENTS\VISUAL STUDIO 2010\PROJECTS\WEBSOCKET\LIBWEBSOCKETS-3.1.0\WEBSOCKETS.DIR\DEBUG\TLS.OBJ
C:\USERS\ADMINISTRATOR\DOCUMENTS\VISUAL STUDIO 2010\PROJECTS\WEBSOCKET\LIBWEBSOCKETS-3.1.0\WEBSOCKETS.DIR\DEBUG\TLS-CLIENT.OBJ
C:\USERS\ADMINISTRATOR\DOCUMENTS\VISUAL STUDIO 2010\PROJECTS\WEBSOCKET\LIBWEBSOCKETS-3.1.0\WEBSOCKETS.DIR\DEBUG\TLS-SERVER.OBJ
C:\USERS\ADMINISTRATOR\DOCUMENTS\VISUAL STUDIO 2010\PROJECTS\WEBSOCKET\LIBWEBSOCKETS-3.1.0\WEBSOCKETS.DIR\DEBUG\VC100.PDB
C:\Users\Administrator\Documents\Visual Studio 2010\Projects\websocket\libwebsockets-3.1.0\websockets.dir\Debug\websockets.write.1.tlog
C:\USERS\ADMINISTRATOR\DOCUMENTS\VISUAL STUDIO 2010\PROJECTS\WEBSOCKET\LIBWEBSOCKETS-3.1.0\WEBSOCKETS.DIR\DEBUG\WINDOWS-FDS.OBJ
C:\USERS\ADMINISTRATOR\DOCUMENTS\VISUAL STUDIO 2010\PROJECTS\WEBSOCKET\LIBWEBSOCKETS-3.1.0\WEBSOCKETS.DIR\DEBUG\WINDOWS-FILE.OBJ
C:\USERS\ADMINISTRATOR\DOCUMENTS\VISUAL STUDIO 2010\PROJECTS\WEBSOCKET\LIBWEBSOCKETS-3.1.0\WEBSOCKETS.DIR\DEBUG\WINDOWS-INIT.OBJ
C:\USERS\ADMINISTRATOR\DOCUMENTS\VISUAL STUDIO 2010\PROJECTS\WEBSOCKET\LIBWEBSOCKETS-3.1.0\WEBSOCKETS.DIR\DEBUG\WINDOWS-MISC.OBJ
C:\USERS\ADMINISTRATOR\DOCUMENTS\VISUAL STUDIO 2010\PROJECTS\WEBSOCKET\LIBWEBSOCKETS-3.1.0\WEBSOCKETS.DIR\DEBUG\WINDOWS-PIPE.OBJ
C:\USERS\ADMINISTRATOR\DOCUMENTS\VISUAL STUDIO 2010\PROJECTS\WEBSOCKET\LIBWEBSOCKETS-3.1.0\WEBSOCKETS.DIR\DEBUG\WINDOWS-SERVICE.OBJ
C:\USERS\ADMINISTRATOR\DOCUMENTS\VISUAL STUDIO 2010\PROJECTS\WEBSOCKET\LIBWEBSOCKETS-3.1.0\WEBSOCKETS.DIR\DEBUG\WINDOWS-SOCKETS.OBJ
